2022-07-29 18:31:32.478 -03:00 [INF] Response data from fronius: [Code: 0] [Reason: ] [UserMessage: ]
2022-07-29 18:31:32.561 -03:00 [ERR] Error saving data to the database!!
Npgsql.PostgresException (0x80004005): 3D000: database "solar" does not exist
   at Npgsql.Internal.NpgsqlConnector.<ReadMessage>g__ReadMessageLong|211_0(NpgsqlConnector connector, Boolean async, DataRowLoadingMode dataRowLoadingMode, Boolean readingNotifications, Boolean isReadingPrependedMessage)
   at Npgsql.Internal.NpgsqlConnector.<Open>g__OpenCore|191_1(NpgsqlConnector conn, SslMode sslMode, NpgsqlTimeout timeout, Boolean async, CancellationToken cancellationToken, Boolean isFirstAttempt)
   at Npgsql.Internal.NpgsqlConnector.Open(NpgsqlTimeout timeout, Boolean async, CancellationToken cancellationToken)
   at Npgsql.ConnectorPool.OpenNewConnector(NpgsqlConnection conn, NpgsqlTimeout timeout, Boolean async, CancellationToken cancellationToken)
   at Npgsql.ConnectorPool.<Get>g__RentAsync|28_0(NpgsqlConnection conn, NpgsqlTimeout timeout, Boolean async, CancellationToken cancellationToken)
   at Npgsql.NpgsqlConnection.<Open>g__OpenAsync|45_0(Boolean async, CancellationToken cancellationToken)
   at Npgsql.NpgsqlConnection.Open()
   at FroniusDataCollector.Program.SaveToDatabase(PowerFlowRealtimeData data) in C:\work\happy\fronius\Fronius\FroniusDataCollector\Program.cs:line 118
  Exception data:
    Severity: FATAL
    SqlState: 3D000
    MessageText: database "solar" does not exist
    File: postinit.c
    Line: 855
    Routine: InitPostgres
2022-07-29 19:21:00.406 -03:00 [INF] Response data from fronius: [Code: 0] [Reason: ] [UserMessage: ]
2022-07-29 19:21:30.935 -03:00 [INF] Response data from fronius: [Code: 0] [Reason: ] [UserMessage: ]
2022-07-29 19:22:01.272 -03:00 [INF] Response data from fronius: [Code: 0] [Reason: ] [UserMessage: ]
2022-07-29 19:22:31.613 -03:00 [INF] Response data from fronius: [Code: 0] [Reason: ] [UserMessage: ]
2022-07-29 19:23:01.987 -03:00 [INF] Response data from fronius: [Code: 0] [Reason: ] [UserMessage: ]
2022-07-29 19:23:34.156 -03:00 [INF] Response data from fronius: [Code: 0] [Reason: ] [UserMessage: ]
2022-07-29 19:24:04.702 -03:00 [INF] Response data from fronius: [Code: 0] [Reason: ] [UserMessage: ]
2022-07-29 19:24:35.046 -03:00 [INF] Response data from fronius: [Code: 0] [Reason: ] [UserMessage: ]
2022-07-29 19:25:05.448 -03:00 [INF] Response data from fronius: [Code: 0] [Reason: ] [UserMessage: ]
2022-07-29 19:25:35.831 -03:00 [INF] Response data from fronius: [Code: 0] [Reason: ] [UserMessage: ]
2022-07-29 19:26:06.202 -03:00 [INF] Response data from fronius: [Code: 0] [Reason: ] [UserMessage: ]
2022-07-29 19:26:36.465 -03:00 [INF] Response data from fronius: [Code: 0] [Reason: ] [UserMessage: ]
2022-07-29 19:27:06.815 -03:00 [INF] Response data from fronius: [Code: 0] [Reason: ] [UserMessage: ]
2022-07-29 19:27:37.263 -03:00 [INF] Response data from fronius: [Code: 0] [Reason: ] [UserMessage: ]
2022-07-29 19:28:07.682 -03:00 [INF] Response data from fronius: [Code: 0] [Reason: ] [UserMessage: ]
2022-07-29 19:28:38.027 -03:00 [INF] Response data from fronius: [Code: 0] [Reason: ] [UserMessage: ]
2022-07-29 19:29:08.373 -03:00 [INF] Response data from fronius: [Code: 0] [Reason: ] [UserMessage: ]
2022-07-29 19:29:38.750 -03:00 [INF] Response data from fronius: [Code: 0] [Reason: ] [UserMessage: ]
2022-07-29 19:30:09.079 -03:00 [INF] Response data from fronius: [Code: 0] [Reason: ] [UserMessage: ]
2022-07-29 19:30:39.377 -03:00 [INF] Response data from fronius: [Code: 0] [Reason: ] [UserMessage: ]
2022-07-29 19:31:09.727 -03:00 [INF] Response data from fronius: [Code: 0] [Reason: ] [UserMessage: ]
2022-07-29 19:31:40.031 -03:00 [INF] Response data from fronius: [Code: 0] [Reason: ] [UserMessage: ]
2022-07-29 19:32:10.371 -03:00 [INF] Response data from fronius: [Code: 0] [Reason: ] [UserMessage: ]
2022-07-29 19:32:40.708 -03:00 [INF] Response data from fronius: [Code: 0] [Reason: ] [UserMessage: ]
2022-07-29 19:33:11.149 -03:00 [INF] Response data from fronius: [Code: 0] [Reason: ] [UserMessage: ]
2022-07-29 19:33:41.512 -03:00 [INF] Response data from fronius: [Code: 0] [Reason: ] [UserMessage: ]
2022-07-29 19:34:11.887 -03:00 [INF] Response data from fronius: [Code: 0] [Reason: ] [UserMessage: ]
2022-07-29 19:34:42.248 -03:00 [INF] Response data from fronius: [Code: 0] [Reason: ] [UserMessage: ]
2022-07-29 19:35:12.717 -03:00 [INF] Response data from fronius: [Code: 0] [Reason: ] [UserMessage: ]
2022-07-29 19:35:43.020 -03:00 [INF] Response data from fronius: [Code: 0] [Reason: ] [UserMessage: ]
2022-07-29 19:36:13.336 -03:00 [INF] Response data from fronius: [Code: 0] [Reason: ] [UserMessage: ]
2022-07-29 19:36:43.639 -03:00 [INF] Response data from fronius: [Code: 0] [Reason: ] [UserMessage: ]
2022-07-29 19:37:13.942 -03:00 [INF] Response data from fronius: [Code: 0] [Reason: ] [UserMessage: ]
2022-07-29 19:37:44.266 -03:00 [INF] Response data from fronius: [Code: 0] [Reason: ] [UserMessage: ]
2022-07-29 19:38:14.622 -03:00 [INF] Response data from fronius: [Code: 0] [Reason: ] [UserMessage: ]
2022-07-29 19:38:44.939 -03:00 [INF] Response data from fronius: [Code: 0] [Reason: ] [UserMessage: ]
2022-07-29 19:39:15.264 -03:00 [INF] Response data from fronius: [Code: 0] [Reason: ] [UserMessage: ]
2022-07-29 19:39:45.648 -03:00 [INF] Response data from fronius: [Code: 0] [Reason: ] [UserMessage: ]
2022-07-29 19:40:15.994 -03:00 [INF] Response data from fronius: [Code: 0] [Reason: ] [UserMessage: ]
2022-07-29 19:40:46.304 -03:00 [INF] Response data from fronius: [Code: 0] [Reason: ] [UserMessage: ]
2022-07-29 19:41:16.598 -03:00 [INF] Response data from fronius: [Code: 0] [Reason: ] [UserMessage: ]
2022-07-29 19:41:46.887 -03:00 [INF] Response data from fronius: [Code: 0] [Reason: ] [UserMessage: ]
2022-07-29 19:42:17.224 -03:00 [INF] Response data from fronius: [Code: 0] [Reason: ] [UserMessage: ]
2022-07-29 19:42:47.579 -03:00 [INF] Response data from fronius: [Code: 0] [Reason: ] [UserMessage: ]
2022-07-29 19:43:17.874 -03:00 [INF] Response data from fronius: [Code: 0] [Reason: ] [UserMessage: ]
2022-07-29 19:43:48.195 -03:00 [INF] Response data from fronius: [Code: 0] [Reason: ] [UserMessage: ]
2022-07-29 19:44:18.477 -03:00 [INF] Response data from fronius: [Code: 0] [Reason: ] [UserMessage: ]
2022-07-29 19:44:48.883 -03:00 [INF] Response data from fronius: [Code: 0] [Reason: ] [UserMessage: ]
2022-07-29 19:45:19.197 -03:00 [INF] Response data from fronius: [Code: 0] [Reason: ] [UserMessage: ]
2022-07-29 19:45:49.526 -03:00 [INF] Response data from fronius: [Code: 0] [Reason: ] [UserMessage: ]
2022-07-29 19:46:19.838 -03:00 [INF] Response data from fronius: [Code: 0] [Reason: ] [UserMessage: ]
2022-07-29 19:46:50.214 -03:00 [INF] Response data from fronius: [Code: 0] [Reason: ] [UserMessage: ]
2022-07-29 19:47:20.518 -03:00 [INF] Response data from fronius: [Code: 0] [Reason: ] [UserMessage: ]
2022-07-29 19:47:50.862 -03:00 [INF] Response data from fronius: [Code: 0] [Reason: ] [UserMessage: ]
2022-07-29 19:48:21.166 -03:00 [INF] Response data from fronius: [Code: 0] [Reason: ] [UserMessage: ]
2022-07-29 19:48:51.563 -03:00 [INF] Response data from fronius: [Code: 0] [Reason: ] [UserMessage: ]
2022-07-29 19:49:21.876 -03:00 [INF] Response data from fronius: [Code: 0] [Reason: ] [UserMessage: ]
2022-07-29 19:49:52.148 -03:00 [INF] Response data from fronius: [Code: 0] [Reason: ] [UserMessage: ]
2022-07-29 19:50:22.439 -03:00 [INF] Response data from fronius: [Code: 0] [Reason: ] [UserMessage: ]
2022-07-29 19:50:52.713 -03:00 [INF] Response data from fronius: [Code: 0] [Reason: ] [UserMessage: ]
2022-07-29 19:51:23.006 -03:00 [INF] Response data from fronius: [Code: 0] [Reason: ] [UserMessage: ]
2022-07-29 19:51:53.342 -03:00 [INF] Response data from fronius: [Code: 0] [Reason: ] [UserMessage: ]
2022-07-29 19:52:23.617 -03:00 [INF] Response data from fronius: [Code: 0] [Reason: ] [UserMessage: ]
2022-07-29 19:52:53.935 -03:00 [INF] Response data from fronius: [Code: 0] [Reason: ] [UserMessage: ]
2022-07-29 19:53:24.352 -03:00 [INF] Response data from fronius: [Code: 0] [Reason: ] [UserMessage: ]
2022-07-29 19:53:54.671 -03:00 [INF] Response data from fronius: [Code: 0] [Reason: ] [UserMessage: ]
2022-07-29 19:54:24.952 -03:00 [INF] Response data from fronius: [Code: 0] [Reason: ] [UserMessage: ]
2022-07-29 19:54:55.292 -03:00 [INF] Response data from fronius: [Code: 0] [Reason: ] [UserMessage: ]
2022-07-29 19:55:25.599 -03:00 [INF] Response data from fronius: [Code: 0] [Reason: ] [UserMessage: ]
2022-07-29 19:55:55.954 -03:00 [INF] Response data from fronius: [Code: 0] [Reason: ] [UserMessage: ]
2022-07-29 19:56:26.289 -03:00 [INF] Response data from fronius: [Code: 0] [Reason: ] [UserMessage: ]
2022-07-29 19:56:56.644 -03:00 [INF] Response data from fronius: [Code: 0] [Reason: ] [UserMessage: ]
2022-07-29 19:57:26.949 -03:00 [INF] Response data from fronius: [Code: 0] [Reason: ] [UserMessage: ]
2022-07-29 19:57:57.290 -03:00 [INF] Response data from fronius: [Code: 0] [Reason: ] [UserMessage: ]
2022-07-29 19:58:27.601 -03:00 [INF] Response data from fronius: [Code: 0] [Reason: ] [UserMessage: ]
2022-07-29 19:58:57.872 -03:00 [INF] Response data from fronius: [Code: 0] [Reason: ] [UserMessage: ]
2022-07-29 19:59:28.257 -03:00 [INF] Response data from fronius: [Code: 0] [Reason: ] [UserMessage: ]
2022-07-29 19:59:58.559 -03:00 [INF] Response data from fronius: [Code: 0] [Reason: ] [UserMessage: ]
2022-07-29 20:00:28.819 -03:00 [INF] Response data from fronius: [Code: 0] [Reason: ] [UserMessage: ]
2022-07-29 20:00:59.171 -03:00 [INF] Response data from fronius: [Code: 0] [Reason: ] [UserMessage: ]
2022-07-29 20:01:29.631 -03:00 [INF] Response data from fronius: [Code: 0] [Reason: ] [UserMessage: ]
2022-07-29 20:01:59.978 -03:00 [INF] Response data from fronius: [Code: 0] [Reason: ] [UserMessage: ]
2022-07-29 20:02:30.296 -03:00 [INF] Response data from fronius: [Code: 0] [Reason: ] [UserMessage: ]
2022-07-29 20:03:00.635 -03:00 [INF] Response data from fronius: [Code: 0] [Reason: ] [UserMessage: ]
2022-07-29 20:03:30.952 -03:00 [INF] Response data from fronius: [Code: 0] [Reason: ] [UserMessage: ]
2022-07-29 20:04:01.254 -03:00 [INF] Response data from fronius: [Code: 0] [Reason: ] [UserMessage: ]
2022-07-29 20:04:31.617 -03:00 [INF] Response data from fronius: [Code: 0] [Reason: ] [UserMessage: ]
2022-07-29 20:05:01.883 -03:00 [INF] Response data from fronius: [Code: 0] [Reason: ] [UserMessage: ]
2022-07-29 20:05:32.263 -03:00 [INF] Response data from fronius: [Code: 0] [Reason: ] [UserMessage: ]
2022-07-29 20:06:02.596 -03:00 [INF] Response data from fronius: [Code: 0] [Reason: ] [UserMessage: ]
2022-07-29 20:06:32.941 -03:00 [INF] Response data from fronius: [Code: 0] [Reason: ] [UserMessage: ]
2022-07-29 20:07:03.242 -03:00 [INF] Response data from fronius: [Code: 0] [Reason: ] [UserMessage: ]
2022-07-29 20:07:33.545 -03:00 [INF] Response data from fronius: [Code: 0] [Reason: ] [UserMessage: ]
2022-07-29 20:08:03.880 -03:00 [INF] Response data from fronius: [Code: 0] [Reason: ] [UserMessage: ]
2022-07-29 20:08:34.311 -03:00 [INF] Response data from fronius: [Code: 0] [Reason: ] [UserMessage: ]
2022-07-29 20:09:04.697 -03:00 [INF] Response data from fronius: [Code: 0] [Reason: ] [UserMessage: ]
2022-07-29 20:09:35.100 -03:00 [INF] Response data from fronius: [Code: 0] [Reason: ] [UserMessage: ]
2022-07-29 20:10:05.424 -03:00 [INF] Response data from fronius: [Code: 0] [Reason: ] [UserMessage: ]
2022-07-29 20:10:35.774 -03:00 [INF] Response data from fronius: [Code: 0] [Reason: ] [UserMessage: ]
2022-07-29 20:11:06.099 -03:00 [INF] Response data from fronius: [Code: 0] [Reason: ] [UserMessage: ]
2022-07-29 20:11:36.436 -03:00 [INF] Response data from fronius: [Code: 0] [Reason: ] [UserMessage: ]
2022-07-29 20:12:06.756 -03:00 [INF] Response data from fronius: [Code: 0] [Reason: ] [UserMessage: ]
2022-07-29 20:12:37.103 -03:00 [INF] Response data from fronius: [Code: 0] [Reason: ] [UserMessage: ]
2022-07-29 20:13:07.404 -03:00 [INF] Response data from fronius: [Code: 0] [Reason: ] [UserMessage: ]
2022-07-29 20:13:37.761 -03:00 [INF] Response data from fronius: [Code: 0] [Reason: ] [UserMessage: ]
2022-07-29 20:14:08.085 -03:00 [INF] Response data from fronius: [Code: 0] [Reason: ] [UserMessage: ]
2022-07-29 20:14:38.427 -03:00 [INF] Response data from fronius: [Code: 0] [Reason: ] [UserMessage: ]
2022-07-29 20:15:08.755 -03:00 [INF] Response data from fronius: [Code: 0] [Reason: ] [UserMessage: ]
2022-07-29 20:15:39.049 -03:00 [INF] Response data from fronius: [Code: 0] [Reason: ] [UserMessage: ]
2022-07-29 20:16:09.476 -03:00 [INF] Response data from fronius: [Code: 0] [Reason: ] [UserMessage: ]
2022-07-29 20:16:39.799 -03:00 [INF] Response data from fronius: [Code: 0] [Reason: ] [UserMessage: ]
2022-07-29 20:17:10.300 -03:00 [INF] Response data from fronius: [Code: 0] [Reason: ] [UserMessage: ]
2022-07-29 20:17:40.719 -03:00 [INF] Response data from fronius: [Code: 0] [Reason: ] [UserMessage: ]
2022-07-29 20:18:11.067 -03:00 [INF] Response data from fronius: [Code: 0] [Reason: ] [UserMessage: ]
2022-07-29 20:18:41.381 -03:00 [INF] Response data from fronius: [Code: 0] [Reason: ] [UserMessage: ]
2022-07-29 20:19:11.747 -03:00 [INF] Response data from fronius: [Code: 0] [Reason: ] [UserMessage: ]
2022-07-29 20:19:42.108 -03:00 [INF] Response data from fronius: [Code: 0] [Reason: ] [UserMessage: ]
2022-07-29 20:20:12.437 -03:00 [INF] Response data from fronius: [Code: 0] [Reason: ] [UserMessage: ]
2022-07-29 20:20:42.779 -03:00 [INF] Response data from fronius: [Code: 0] [Reason: ] [UserMessage: ]
2022-07-29 20:21:13.152 -03:00 [INF] Response data from fronius: [Code: 0] [Reason: ] [UserMessage: ]
2022-07-29 20:21:43.541 -03:00 [INF] Response data from fronius: [Code: 0] [Reason: ] [UserMessage: ]
2022-07-29 20:22:13.970 -03:00 [INF] Response data from fronius: [Code: 0] [Reason: ] [UserMessage: ]
2022-07-29 20:22:44.262 -03:00 [INF] Response data from fronius: [Code: 0] [Reason: ] [UserMessage: ]
2022-07-29 20:23:14.588 -03:00 [INF] Response data from fronius: [Code: 0] [Reason: ] [UserMessage: ]
2022-07-29 20:23:44.923 -03:00 [INF] Response data from fronius: [Code: 0] [Reason: ] [UserMessage: ]
2022-07-29 20:24:15.271 -03:00 [INF] Response data from fronius: [Code: 0] [Reason: ] [UserMessage: ]
2022-07-29 20:24:45.539 -03:00 [INF] Response data from fronius: [Code: 0] [Reason: ] [UserMessage: ]
2022-07-29 20:25:15.822 -03:00 [INF] Response data from fronius: [Code: 0] [Reason: ] [UserMessage: ]
2022-07-29 20:25:46.168 -03:00 [INF] Response data from fronius: [Code: 0] [Reason: ] [UserMessage: ]
2022-07-29 20:26:16.525 -03:00 [INF] Response data from fronius: [Code: 0] [Reason: ] [UserMessage: ]
2022-07-29 20:26:46.790 -03:00 [INF] Response data from fronius: [Code: 0] [Reason: ] [UserMessage: ]
2022-07-29 20:27:17.145 -03:00 [INF] Response data from fronius: [Code: 0] [Reason: ] [UserMessage: ]
2022-07-29 20:27:47.550 -03:00 [INF] Response data from fronius: [Code: 0] [Reason: ] [UserMessage: ]
2022-07-29 20:28:17.950 -03:00 [INF] Response data from fronius: [Code: 0] [Reason: ] [UserMessage: ]
2022-07-29 20:28:48.273 -03:00 [INF] Response data from fronius: [Code: 0] [Reason: ] [UserMessage: ]
2022-07-29 20:29:18.524 -03:00 [INF] Response data from fronius: [Code: 0] [Reason: ] [UserMessage: ]
2022-07-29 20:29:48.843 -03:00 [INF] Response data from fronius: [Code: 0] [Reason: ] [UserMessage: ]
2022-07-29 20:30:19.136 -03:00 [INF] Response data from fronius: [Code: 0] [Reason: ] [UserMessage: ]
2022-07-29 20:30:49.646 -03:00 [INF] Response data from fronius: [Code: 0] [Reason: ] [UserMessage: ]
2022-07-29 20:31:19.929 -03:00 [INF] Response data from fronius: [Code: 0] [Reason: ] [UserMessage: ]
2022-07-29 20:31:50.626 -03:00 [INF] Response data from fronius: [Code: 0] [Reason: ] [UserMessage: ]
2022-07-29 20:32:21.060 -03:00 [INF] Response data from fronius: [Code: 0] [Reason: ] [UserMessage: ]
2022-07-29 20:32:51.487 -03:00 [INF] Response data from fronius: [Code: 0] [Reason: ] [UserMessage: ]
2022-07-29 20:33:21.796 -03:00 [INF] Response data from fronius: [Code: 0] [Reason: ] [UserMessage: ]
2022-07-29 20:33:52.310 -03:00 [INF] Response data from fronius: [Code: 0] [Reason: ] [UserMessage: ]
2022-07-29 20:34:22.628 -03:00 [INF] Response data from fronius: [Code: 0] [Reason: ] [UserMessage: ]
2022-07-29 20:34:53.100 -03:00 [INF] Response data from fronius: [Code: 0] [Reason: ] [UserMessage: ]
2022-07-29 20:35:24.002 -03:00 [INF] Response data from fronius: [Code: 0] [Reason: ] [UserMessage: ]
2022-07-29 20:35:54.327 -03:00 [INF] Response data from fronius: [Code: 0] [Reason: ] [UserMessage: ]
2022-07-29 20:36:24.993 -03:00 [INF] Response data from fronius: [Code: 0] [Reason: ] [UserMessage: ]
2022-07-29 20:36:55.286 -03:00 [INF] Response data from fronius: [Code: 0] [Reason: ] [UserMessage: ]
2022-07-29 20:37:25.759 -03:00 [INF] Response data from fronius: [Code: 0] [Reason: ] [UserMessage: ]
2022-07-29 20:37:56.115 -03:00 [INF] Response data from fronius: [Code: 0] [Reason: ] [UserMessage: ]
2022-07-29 20:38:26.421 -03:00 [INF] Response data from fronius: [Code: 0] [Reason: ] [UserMessage: ]
2022-07-29 20:38:56.938 -03:00 [INF] Response data from fronius: [Code: 0] [Reason: ] [UserMessage: ]
2022-07-29 20:39:27.270 -03:00 [INF] Response data from fronius: [Code: 0] [Reason: ] [UserMessage: ]
2022-07-29 20:39:57.623 -03:00 [INF] Response data from fronius: [Code: 0] [Reason: ] [UserMessage: ]
2022-07-29 20:40:27.930 -03:00 [INF] Response data from fronius: [Code: 0] [Reason: ] [UserMessage: ]
2022-07-29 20:40:58.558 -03:00 [INF] Response data from fronius: [Code: 0] [Reason: ] [UserMessage: ]
2022-07-29 20:41:28.987 -03:00 [INF] Response data from fronius: [Code: 0] [Reason: ] [UserMessage: ]
2022-07-29 20:41:59.287 -03:00 [INF] Response data from fronius: [Code: 0] [Reason: ] [UserMessage: ]
2022-07-29 20:42:29.609 -03:00 [INF] Response data from fronius: [Code: 0] [Reason: ] [UserMessage: ]
2022-07-29 20:42:59.928 -03:00 [INF] Response data from fronius: [Code: 0] [Reason: ] [UserMessage: ]
2022-07-29 20:43:30.249 -03:00 [INF] Response data from fronius: [Code: 0] [Reason: ] [UserMessage: ]
2022-07-29 20:44:00.557 -03:00 [INF] Response data from fronius: [Code: 0] [Reason: ] [UserMessage: ]
2022-07-29 20:44:30.933 -03:00 [INF] Response data from fronius: [Code: 0] [Reason: ] [UserMessage: ]
2022-07-29 20:45:01.229 -03:00 [INF] Response data from fronius: [Code: 0] [Reason: ] [UserMessage: ]
2022-07-29 20:45:31.607 -03:00 [INF] Response data from fronius: [Code: 0] [Reason: ] [UserMessage: ]
2022-07-29 20:46:01.978 -03:00 [INF] Response data from fronius: [Code: 0] [Reason: ] [UserMessage: ]
2022-07-29 20:46:32.889 -03:00 [INF] Response data from fronius: [Code: 0] [Reason: ] [UserMessage: ]
2022-07-29 20:47:03.218 -03:00 [INF] Response data from fronius: [Code: 0] [Reason: ] [UserMessage: ]
2022-07-29 20:47:33.497 -03:00 [INF] Response data from fronius: [Code: 0] [Reason: ] [UserMessage: ]
2022-07-29 20:48:03.891 -03:00 [INF] Response data from fronius: [Code: 0] [Reason: ] [UserMessage: ]
2022-07-29 20:48:34.234 -03:00 [INF] Response data from fronius: [Code: 0] [Reason: ] [UserMessage: ]
2022-07-29 20:49:04.539 -03:00 [INF] Response data from fronius: [Code: 0] [Reason: ] [UserMessage: ]
2022-07-29 20:49:34.936 -03:00 [INF] Response data from fronius: [Code: 0] [Reason: ] [UserMessage: ]
2022-07-29 20:50:05.339 -03:00 [INF] Response data from fronius: [Code: 0] [Reason: ] [UserMessage: ]
2022-07-29 20:50:35.632 -03:00 [INF] Response data from fronius: [Code: 0] [Reason: ] [UserMessage: ]
2022-07-29 20:51:06.009 -03:00 [INF] Response data from fronius: [Code: 0] [Reason: ] [UserMessage: ]
2022-07-29 20:51:36.375 -03:00 [INF] Response data from fronius: [Code: 0] [Reason: ] [UserMessage: ]
2022-07-29 20:52:06.737 -03:00 [INF] Response data from fronius: [Code: 0] [Reason: ] [UserMessage: ]
2022-07-29 20:52:37.654 -03:00 [INF] Response data from fronius: [Code: 0] [Reason: ] [UserMessage: ]
2022-07-29 20:53:07.965 -03:00 [INF] Response data from fronius: [Code: 0] [Reason: ] [UserMessage: ]
2022-07-29 20:53:38.417 -03:00 [INF] Response data from fronius: [Code: 0] [Reason: ] [UserMessage: ]
2022-07-29 20:54:08.735 -03:00 [INF] Response data from fronius: [Code: 0] [Reason: ] [UserMessage: ]
2022-07-29 20:54:39.130 -03:00 [INF] Response data from fronius: [Code: 0] [Reason: ] [UserMessage: ]
2022-07-29 20:55:09.374 -03:00 [INF] Response data from fronius: [Code: 0] [Reason: ] [UserMessage: ]
2022-07-29 20:55:39.700 -03:00 [INF] Response data from fronius: [Code: 0] [Reason: ] [UserMessage: ]
2022-07-29 20:56:10.105 -03:00 [INF] Response data from fronius: [Code: 0] [Reason: ] [UserMessage: ]
2022-07-29 20:56:40.392 -03:00 [INF] Response data from fronius: [Code: 0] [Reason: ] [UserMessage: ]
2022-07-29 20:57:10.772 -03:00 [INF] Response data from fronius: [Code: 0] [Reason: ] [UserMessage: ]
2022-07-29 20:57:41.072 -03:00 [INF] Response data from fronius: [Code: 0] [Reason: ] [UserMessage: ]
2022-07-29 20:58:11.379 -03:00 [INF] Response data from fronius: [Code: 0] [Reason: ] [UserMessage: ]
2022-07-29 20:58:42.424 -03:00 [INF] Response data from fronius: [Code: 0] [Reason: ] [UserMessage: ]
2022-07-29 20:59:12.953 -03:00 [INF] Response data from fronius: [Code: 0] [Reason: ] [UserMessage: ]
2022-07-29 20:59:43.491 -03:00 [INF] Response data from fronius: [Code: 0] [Reason: ] [UserMessage: ]
2022-07-29 21:00:13.934 -03:00 [INF] Response data from fronius: [Code: 0] [Reason: ] [UserMessage: ]
2022-07-29 21:00:44.214 -03:00 [INF] Response data from fronius: [Code: 0] [Reason: ] [UserMessage: ]
2022-07-29 21:01:14.525 -03:00 [INF] Response data from fronius: [Code: 0] [Reason: ] [UserMessage: ]
2022-07-29 21:01:44.882 -03:00 [INF] Response data from fronius: [Code: 0] [Reason: ] [UserMessage: ]
2022-07-29 21:02:15.193 -03:00 [INF] Response data from fronius: [Code: 0] [Reason: ] [UserMessage: ]
2022-07-29 21:02:45.502 -03:00 [INF] Response data from fronius: [Code: 0] [Reason: ] [UserMessage: ]
2022-07-29 21:03:16.314 -03:00 [INF] Response data from fronius: [Code: 0] [Reason: ] [UserMessage: ]
2022-07-29 21:03:46.796 -03:00 [INF] Response data from fronius: [Code: 0] [Reason: ] [UserMessage: ]
2022-07-29 21:04:17.184 -03:00 [INF] Response data from fronius: [Code: 0] [Reason: ] [UserMessage: ]
2022-07-29 21:04:47.802 -03:00 [INF] Response data from fronius: [Code: 0] [Reason: ] [UserMessage: ]
2022-07-29 21:05:18.151 -03:00 [INF] Response data from fronius: [Code: 0] [Reason: ] [UserMessage: ]
2022-07-29 21:05:48.480 -03:00 [INF] Response data from fronius: [Code: 0] [Reason: ] [UserMessage: ]
2022-07-29 21:06:19.010 -03:00 [INF] Response data from fronius: [Code: 0] [Reason: ] [UserMessage: ]
2022-07-29 21:06:49.425 -03:00 [INF] Response data from fronius: [Code: 0] [Reason: ] [UserMessage: ]
2022-07-29 21:07:19.762 -03:00 [INF] Response data from fronius: [Code: 0] [Reason: ] [UserMessage: ]
2022-07-29 21:07:50.143 -03:00 [INF] Response data from fronius: [Code: 0] [Reason: ] [UserMessage: ]
2022-07-29 21:08:20.561 -03:00 [INF] Response data from fronius: [Code: 0] [Reason: ] [UserMessage: ]
2022-07-29 21:08:50.982 -03:00 [INF] Response data from fronius: [Code: 0] [Reason: ] [UserMessage: ]
2022-07-29 21:09:21.276 -03:00 [INF] Response data from fronius: [Code: 0] [Reason: ] [UserMessage: ]
2022-07-29 21:09:51.580 -03:00 [INF] Response data from fronius: [Code: 0] [Reason: ] [UserMessage: ]
2022-07-29 21:10:22.188 -03:00 [INF] Response data from fronius: [Code: 0] [Reason: ] [UserMessage: ]
2022-07-29 21:10:52.550 -03:00 [INF] Response data from fronius: [Code: 0] [Reason: ] [UserMessage: ]
2022-07-29 21:11:22.927 -03:00 [INF] Response data from fronius: [Code: 0] [Reason: ] [UserMessage: ]
2022-07-29 21:11:53.216 -03:00 [INF] Response data from fronius: [Code: 0] [Reason: ] [UserMessage: ]
2022-07-29 21:12:23.507 -03:00 [INF] Response data from fronius: [Code: 0] [Reason: ] [UserMessage: ]
2022-07-29 21:12:53.774 -03:00 [INF] Response data from fronius: [Code: 0] [Reason: ] [UserMessage: ]
2022-07-29 21:13:24.123 -03:00 [INF] Response data from fronius: [Code: 0] [Reason: ] [UserMessage: ]
2022-07-29 21:13:54.422 -03:00 [INF] Response data from fronius: [Code: 0] [Reason: ] [UserMessage: ]
2022-07-29 21:14:24.772 -03:00 [INF] Response data from fronius: [Code: 0] [Reason: ] [UserMessage: ]
2022-07-29 21:14:55.088 -03:00 [INF] Response data from fronius: [Code: 0] [Reason: ] [UserMessage: ]
2022-07-29 21:15:25.444 -03:00 [INF] Response data from fronius: [Code: 0] [Reason: ] [UserMessage: ]
2022-07-29 21:15:55.857 -03:00 [INF] Response data from fronius: [Code: 0] [Reason: ] [UserMessage: ]
2022-07-29 21:16:26.443 -03:00 [INF] Response data from fronius: [Code: 0] [Reason: ] [UserMessage: ]
2022-07-29 21:16:56.818 -03:00 [INF] Response data from fronius: [Code: 0] [Reason: ] [UserMessage: ]
2022-07-29 21:17:27.160 -03:00 [INF] Response data from fronius: [Code: 0] [Reason: ] [UserMessage: ]
2022-07-29 21:17:57.435 -03:00 [INF] Response data from fronius: [Code: 0] [Reason: ] [UserMessage: ]
2022-07-29 21:18:27.863 -03:00 [INF] Response data from fronius: [Code: 0] [Reason: ] [UserMessage: ]
2022-07-29 21:18:58.216 -03:00 [INF] Response data from fronius: [Code: 0] [Reason: ] [UserMessage: ]
2022-07-29 21:19:28.499 -03:00 [INF] Response data from fronius: [Code: 0] [Reason: ] [UserMessage: ]
2022-07-29 21:19:58.784 -03:00 [INF] Response data from fronius: [Code: 0] [Reason: ] [UserMessage: ]
2022-07-29 21:20:29.527 -03:00 [INF] Response data from fronius: [Code: 0] [Reason: ] [UserMessage: ]
2022-07-29 21:20:59.906 -03:00 [INF] Response data from fronius: [Code: 0] [Reason: ] [UserMessage: ]
2022-07-29 21:21:30.338 -03:00 [INF] Response data from fronius: [Code: 0] [Reason: ] [UserMessage: ]
2022-07-29 21:22:00.647 -03:00 [INF] Response data from fronius: [Code: 0] [Reason: ] [UserMessage: ]
2022-07-29 21:22:30.999 -03:00 [INF] Response data from fronius: [Code: 0] [Reason: ] [UserMessage: ]
2022-07-29 21:23:01.351 -03:00 [INF] Response data from fronius: [Code: 0] [Reason: ] [UserMessage: ]
2022-07-29 21:23:31.574 -03:00 [INF] Response data from fronius: [Code: 0] [Reason: ] [UserMessage: ]
2022-07-29 21:24:01.895 -03:00 [INF] Response data from fronius: [Code: 0] [Reason: ] [UserMessage: ]
2022-07-29 21:24:32.196 -03:00 [INF] Response data from fronius: [Code: 0] [Reason: ] [UserMessage: ]
2022-07-29 21:25:02.481 -03:00 [INF] Response data from fronius: [Code: 0] [Reason: ] [UserMessage: ]
2022-07-29 21:25:33.390 -03:00 [INF] Response data from fronius: [Code: 0] [Reason: ] [UserMessage: ]
2022-07-29 21:26:03.730 -03:00 [INF] Response data from fronius: [Code: 0] [Reason: ] [UserMessage: ]
2022-07-29 21:26:34.113 -03:00 [INF] Response data from fronius: [Code: 0] [Reason: ] [UserMessage: ]
2022-07-29 21:27:04.454 -03:00 [INF] Response data from fronius: [Code: 0] [Reason: ] [UserMessage: ]
2022-07-29 21:27:34.820 -03:00 [INF] Response data from fronius: [Code: 0] [Reason: ] [UserMessage: ]
2022-07-29 21:28:05.150 -03:00 [INF] Response data from fronius: [Code: 0] [Reason: ] [UserMessage: ]
2022-07-29 21:28:35.549 -03:00 [INF] Response data from fronius: [Code: 0] [Reason: ] [UserMessage: ]
2022-07-29 21:29:05.981 -03:00 [INF] Response data from fronius: [Code: 0] [Reason: ] [UserMessage: ]
2022-07-29 21:29:36.777 -03:00 [INF] Response data from fronius: [Code: 0] [Reason: ] [UserMessage: ]
2022-07-29 21:30:07.159 -03:00 [INF] Response data from fronius: [Code: 0] [Reason: ] [UserMessage: ]
2022-07-29 21:30:37.714 -03:00 [INF] Response data from fronius: [Code: 0] [Reason: ] [UserMessage: ]
2022-07-29 21:31:08.210 -03:00 [INF] Response data from fronius: [Code: 0] [Reason: ] [UserMessage: ]
2022-07-29 21:31:38.615 -03:00 [INF] Response data from fronius: [Code: 0] [Reason: ] [UserMessage: ]
2022-07-29 21:32:08.942 -03:00 [INF] Response data from fronius: [Code: 0] [Reason: ] [UserMessage: ]
2022-07-29 21:32:39.376 -03:00 [INF] Response data from fronius: [Code: 0] [Reason: ] [UserMessage: ]
2022-07-29 21:33:09.651 -03:00 [INF] Response data from fronius: [Code: 0] [Reason: ] [UserMessage: ]
2022-07-29 21:33:40.036 -03:00 [INF] Response data from fronius: [Code: 0] [Reason: ] [UserMessage: ]
2022-07-29 21:34:10.383 -03:00 [INF] Response data from fronius: [Code: 0] [Reason: ] [UserMessage: ]
2022-07-29 21:34:40.806 -03:00 [INF] Response data from fronius: [Code: 0] [Reason: ] [UserMessage: ]
2022-07-29 21:35:11.118 -03:00 [INF] Response data from fronius: [Code: 0] [Reason: ] [UserMessage: ]
2022-07-29 21:35:41.488 -03:00 [INF] Response data from fronius: [Code: 0] [Reason: ] [UserMessage: ]
2022-07-29 21:36:11.864 -03:00 [INF] Response data from fronius: [Code: 0] [Reason: ] [UserMessage: ]
2022-07-29 21:36:42.192 -03:00 [INF] Response data from fronius: [Code: 0] [Reason: ] [UserMessage: ]
2022-07-29 21:37:12.476 -03:00 [INF] Response data from fronius: [Code: 0] [Reason: ] [UserMessage: ]
2022-07-29 21:37:42.829 -03:00 [INF] Response data from fronius: [Code: 0] [Reason: ] [UserMessage: ]
2022-07-29 21:38:13.201 -03:00 [INF] Response data from fronius: [Code: 0] [Reason: ] [UserMessage: ]
2022-07-29 21:38:43.541 -03:00 [INF] Response data from fronius: [Code: 0] [Reason: ] [UserMessage: ]
2022-07-29 21:39:13.832 -03:00 [INF] Response data from fronius: [Code: 0] [Reason: ] [UserMessage: ]
2022-07-29 21:39:44.146 -03:00 [INF] Response data from fronius: [Code: 0] [Reason: ] [UserMessage: ]
2022-07-29 21:40:14.676 -03:00 [INF] Response data from fronius: [Code: 0] [Reason: ] [UserMessage: ]
2022-07-29 21:40:45.118 -03:00 [INF] Response data from fronius: [Code: 0] [Reason: ] [UserMessage: ]
2022-07-29 21:41:15.483 -03:00 [INF] Response data from fronius: [Code: 0] [Reason: ] [UserMessage: ]
2022-07-29 21:41:45.750 -03:00 [INF] Response data from fronius: [Code: 0] [Reason: ] [UserMessage: ]
2022-07-29 21:42:16.057 -03:00 [INF] Response data from fronius: [Code: 0] [Reason: ] [UserMessage: ]
2022-07-29 21:42:46.447 -03:00 [INF] Response data from fronius: [Code: 0] [Reason: ] [UserMessage: ]
2022-07-29 21:43:16.785 -03:00 [INF] Response data from fronius: [Code: 0] [Reason: ] [UserMessage: ]
2022-07-29 21:43:47.137 -03:00 [INF] Response data from fronius: [Code: 0] [Reason: ] [UserMessage: ]
2022-07-29 21:44:17.468 -03:00 [INF] Response data from fronius: [Code: 0] [Reason: ] [UserMessage: ]
2022-07-29 21:44:47.848 -03:00 [INF] Response data from fronius: [Code: 0] [Reason: ] [UserMessage: ]
2022-07-29 21:45:18.227 -03:00 [INF] Response data from fronius: [Code: 0] [Reason: ] [UserMessage: ]
2022-07-29 21:45:48.487 -03:00 [INF] Response data from fronius: [Code: 0] [Reason: ] [UserMessage: ]
2022-07-29 21:46:18.862 -03:00 [INF] Response data from fronius: [Code: 0] [Reason: ] [UserMessage: ]
2022-07-29 21:46:49.191 -03:00 [INF] Response data from fronius: [Code: 0] [Reason: ] [UserMessage: ]
2022-07-29 21:47:19.501 -03:00 [INF] Response data from fronius: [Code: 0] [Reason: ] [UserMessage: ]
2022-07-29 21:47:49.893 -03:00 [INF] Response data from fronius: [Code: 0] [Reason: ] [UserMessage: ]
2022-07-29 21:48:20.222 -03:00 [INF] Response data from fronius: [Code: 0] [Reason: ] [UserMessage: ]
2022-07-29 21:48:50.638 -03:00 [INF] Response data from fronius: [Code: 0] [Reason: ] [UserMessage: ]
2022-07-29 21:49:20.985 -03:00 [INF] Response data from fronius: [Code: 0] [Reason: ] [UserMessage: ]
2022-07-29 21:49:51.405 -03:00 [INF] Response data from fronius: [Code: 0] [Reason: ] [UserMessage: ]
2022-07-29 21:50:21.720 -03:00 [INF] Response data from fronius: [Code: 0] [Reason: ] [UserMessage: ]
2022-07-29 21:50:52.084 -03:00 [INF] Response data from fronius: [Code: 0] [Reason: ] [UserMessage: ]
2022-07-29 21:51:22.407 -03:00 [INF] Response data from fronius: [Code: 0] [Reason: ] [UserMessage: ]
2022-07-29 21:51:52.776 -03:00 [INF] Response data from fronius: [Code: 0] [Reason: ] [UserMessage: ]
2022-07-29 21:52:23.062 -03:00 [INF] Response data from fronius: [Code: 0] [Reason: ] [UserMessage: ]
2022-07-29 21:52:53.458 -03:00 [INF] Response data from fronius: [Code: 0] [Reason: ] [UserMessage: ]
2022-07-29 21:53:23.836 -03:00 [INF] Response data from fronius: [Code: 0] [Reason: ] [UserMessage: ]
2022-07-29 21:53:54.162 -03:00 [INF] Response data from fronius: [Code: 0] [Reason: ] [UserMessage: ]
2022-07-29 21:54:24.511 -03:00 [INF] Response data from fronius: [Code: 0] [Reason: ] [UserMessage: ]
2022-07-29 21:54:54.832 -03:00 [INF] Response data from fronius: [Code: 0] [Reason: ] [UserMessage: ]
2022-07-29 21:55:25.149 -03:00 [INF] Response data from fronius: [Code: 0] [Reason: ] [UserMessage: ]
2022-07-29 21:55:55.460 -03:00 [INF] Response data from fronius: [Code: 0] [Reason: ] [UserMessage: ]
2022-07-29 21:56:25.798 -03:00 [INF] Response data from fronius: [Code: 0] [Reason: ] [UserMessage: ]
2022-07-29 21:56:56.101 -03:00 [INF] Response data from fronius: [Code: 0] [Reason: ] [UserMessage: ]
2022-07-29 21:57:26.470 -03:00 [INF] Response data from fronius: [Code: 0] [Reason: ] [UserMessage: ]
2022-07-29 21:57:56.748 -03:00 [INF] Response data from fronius: [Code: 0] [Reason: ] [UserMessage: ]
2022-07-29 21:58:27.112 -03:00 [INF] Response data from fronius: [Code: 0] [Reason: ] [UserMessage: ]
2022-07-29 21:58:57.461 -03:00 [INF] Response data from fronius: [Code: 0] [Reason: ] [UserMessage: ]
2022-07-29 21:59:27.755 -03:00 [INF] Response data from fronius: [Code: 0] [Reason: ] [UserMessage: ]
2022-07-29 21:59:58.131 -03:00 [INF] Response data from fronius: [Code: 0] [Reason: ] [UserMessage: ]
2022-07-29 22:00:28.495 -03:00 [INF] Response data from fronius: [Code: 0] [Reason: ] [UserMessage: ]
2022-07-29 22:00:58.816 -03:00 [INF] Response data from fronius: [Code: 0] [Reason: ] [UserMessage: ]
2022-07-29 22:01:29.223 -03:00 [INF] Response data from fronius: [Code: 0] [Reason: ] [UserMessage: ]
2022-07-29 22:01:59.562 -03:00 [INF] Response data from fronius: [Code: 0] [Reason: ] [UserMessage: ]
2022-07-29 22:02:29.950 -03:00 [INF] Response data from fronius: [Code: 0] [Reason: ] [UserMessage: ]
2022-07-29 22:03:00.277 -03:00 [INF] Response data from fronius: [Code: 0] [Reason: ] [UserMessage: ]
2022-07-29 22:03:30.617 -03:00 [INF] Response data from fronius: [Code: 0] [Reason: ] [UserMessage: ]
2022-07-29 22:04:00.993 -03:00 [INF] Response data from fronius: [Code: 0] [Reason: ] [UserMessage: ]
2022-07-29 22:04:31.365 -03:00 [INF] Response data from fronius: [Code: 0] [Reason: ] [UserMessage: ]
2022-07-29 22:05:01.713 -03:00 [INF] Response data from fronius: [Code: 0] [Reason: ] [UserMessage: ]
2022-07-29 22:05:32.001 -03:00 [INF] Response data from fronius: [Code: 0] [Reason: ] [UserMessage: ]
2022-07-29 22:06:02.377 -03:00 [INF] Response data from fronius: [Code: 0] [Reason: ] [UserMessage: ]
2022-07-29 22:06:32.653 -03:00 [INF] Response data from fronius: [Code: 0] [Reason: ] [UserMessage: ]
2022-07-29 22:07:02.918 -03:00 [INF] Response data from fronius: [Code: 0] [Reason: ] [UserMessage: ]
2022-07-29 22:07:33.215 -03:00 [INF] Response data from fronius: [Code: 0] [Reason: ] [UserMessage: ]
2022-07-29 22:08:03.542 -03:00 [INF] Response data from fronius: [Code: 0] [Reason: ] [UserMessage: ]
2022-07-29 22:08:33.826 -03:00 [INF] Response data from fronius: [Code: 0] [Reason: ] [UserMessage: ]
2022-07-29 22:09:04.142 -03:00 [INF] Response data from fronius: [Code: 0] [Reason: ] [UserMessage: ]
2022-07-29 22:09:34.389 -03:00 [INF] Response data from fronius: [Code: 0] [Reason: ] [UserMessage: ]
2022-07-29 22:10:04.831 -03:00 [INF] Response data from fronius: [Code: 0] [Reason: ] [UserMessage: ]
2022-07-29 22:10:35.330 -03:00 [INF] Response data from fronius: [Code: 0] [Reason: ] [UserMessage: ]
2022-07-29 22:11:05.663 -03:00 [INF] Response data from fronius: [Code: 0] [Reason: ] [UserMessage: ]
2022-07-29 22:11:36.005 -03:00 [INF] Response data from fronius: [Code: 0] [Reason: ] [UserMessage: ]
2022-07-29 22:12:06.335 -03:00 [INF] Response data from fronius: [Code: 0] [Reason: ] [UserMessage: ]
2022-07-29 22:12:36.631 -03:00 [INF] Response data from fronius: [Code: 0] [Reason: ] [UserMessage: ]
2022-07-29 22:13:06.932 -03:00 [INF] Response data from fronius: [Code: 0] [Reason: ] [UserMessage: ]
2022-07-29 22:13:37.235 -03:00 [INF] Response data from fronius: [Code: 0] [Reason: ] [UserMessage: ]
2022-07-29 22:14:07.540 -03:00 [INF] Response data from fronius: [Code: 0] [Reason: ] [UserMessage: ]
2022-07-29 22:14:37.890 -03:00 [INF] Response data from fronius: [Code: 0] [Reason: ] [UserMessage: ]
2022-07-29 22:15:08.196 -03:00 [INF] Response data from fronius: [Code: 0] [Reason: ] [UserMessage: ]
2022-07-29 22:15:38.488 -03:00 [INF] Response data from fronius: [Code: 0] [Reason: ] [UserMessage: ]
2022-07-29 22:16:08.805 -03:00 [INF] Response data from fronius: [Code: 0] [Reason: ] [UserMessage: ]
2022-07-29 22:16:39.116 -03:00 [INF] Response data from fronius: [Code: 0] [Reason: ] [UserMessage: ]
2022-07-29 22:17:09.503 -03:00 [INF] Response data from fronius: [Code: 0] [Reason: ] [UserMessage: ]
2022-07-29 22:17:39.875 -03:00 [INF] Response data from fronius: [Code: 0] [Reason: ] [UserMessage: ]
2022-07-29 22:18:10.197 -03:00 [INF] Response data from fronius: [Code: 0] [Reason: ] [UserMessage: ]
2022-07-29 22:18:40.541 -03:00 [INF] Response data from fronius: [Code: 0] [Reason: ] [UserMessage: ]
2022-07-29 22:19:10.881 -03:00 [INF] Response data from fronius: [Code: 0] [Reason: ] [UserMessage: ]
2022-07-29 22:19:41.212 -03:00 [INF] Response data from fronius: [Code: 0] [Reason: ] [UserMessage: ]
2022-07-29 22:20:11.513 -03:00 [INF] Response data from fronius: [Code: 0] [Reason: ] [UserMessage: ]
2022-07-29 22:20:41.899 -03:00 [INF] Response data from fronius: [Code: 0] [Reason: ] [UserMessage: ]
2022-07-29 22:21:12.233 -03:00 [INF] Response data from fronius: [Code: 0] [Reason: ] [UserMessage: ]
2022-07-29 22:21:42.574 -03:00 [INF] Response data from fronius: [Code: 0] [Reason: ] [UserMessage: ]
2022-07-29 22:22:12.853 -03:00 [INF] Response data from fronius: [Code: 0] [Reason: ] [UserMessage: ]
2022-07-29 22:22:43.154 -03:00 [INF] Response data from fronius: [Code: 0] [Reason: ] [UserMessage: ]
2022-07-29 22:23:13.487 -03:00 [INF] Response data from fronius: [Code: 0] [Reason: ] [UserMessage: ]
2022-07-29 22:23:43.819 -03:00 [INF] Response data from fronius: [Code: 0] [Reason: ] [UserMessage: ]
2022-07-29 22:24:14.146 -03:00 [INF] Response data from fronius: [Code: 0] [Reason: ] [UserMessage: ]
2022-07-29 22:24:44.425 -03:00 [INF] Response data from fronius: [Code: 0] [Reason: ] [UserMessage: ]
2022-07-29 22:25:14.749 -03:00 [INF] Response data from fronius: [Code: 0] [Reason: ] [UserMessage: ]
2022-07-29 22:25:45.049 -03:00 [INF] Response data from fronius: [Code: 0] [Reason: ] [UserMessage: ]
2022-07-29 22:26:15.337 -03:00 [INF] Response data from fronius: [Code: 0] [Reason: ] [UserMessage: ]
2022-07-29 22:26:45.631 -03:00 [INF] Response data from fronius: [Code: 0] [Reason: ] [UserMessage: ]
2022-07-29 22:27:16.063 -03:00 [INF] Response data from fronius: [Code: 0] [Reason: ] [UserMessage: ]
2022-07-29 22:27:46.331 -03:00 [INF] Response data from fronius: [Code: 0] [Reason: ] [UserMessage: ]
2022-07-29 22:28:16.623 -03:00 [INF] Response data from fronius: [Code: 0] [Reason: ] [UserMessage: ]
2022-07-29 22:28:46.948 -03:00 [INF] Response data from fronius: [Code: 0] [Reason: ] [UserMessage: ]
2022-07-29 22:29:17.255 -03:00 [INF] Response data from fronius: [Code: 0] [Reason: ] [UserMessage: ]
2022-07-29 22:29:47.511 -03:00 [INF] Response data from fronius: [Code: 0] [Reason: ] [UserMessage: ]
2022-07-29 22:30:17.927 -03:00 [INF] Response data from fronius: [Code: 0] [Reason: ] [UserMessage: ]
2022-07-29 22:30:48.202 -03:00 [INF] Response data from fronius: [Code: 0] [Reason: ] [UserMessage: ]
2022-07-29 22:31:18.502 -03:00 [INF] Response data from fronius: [Code: 0] [Reason: ] [UserMessage: ]
2022-07-29 22:31:48.848 -03:00 [INF] Response data from fronius: [Code: 0] [Reason: ] [UserMessage: ]
2022-07-29 22:32:19.290 -03:00 [INF] Response data from fronius: [Code: 0] [Reason: ] [UserMessage: ]
2022-07-29 22:32:49.636 -03:00 [INF] Response data from fronius: [Code: 0] [Reason: ] [UserMessage: ]
2022-07-29 22:33:19.988 -03:00 [INF] Response data from fronius: [Code: 0] [Reason: ] [UserMessage: ]
2022-07-29 22:33:50.240 -03:00 [INF] Response data from fronius: [Code: 0] [Reason: ] [UserMessage: ]
2022-07-29 22:34:20.528 -03:00 [INF] Response data from fronius: [Code: 0] [Reason: ] [UserMessage: ]
2022-07-29 22:34:50.910 -03:00 [INF] Response data from fronius: [Code: 0] [Reason: ] [UserMessage: ]
2022-07-29 22:35:21.276 -03:00 [INF] Response data from fronius: [Code: 0] [Reason: ] [UserMessage: ]
2022-07-29 22:35:51.647 -03:00 [INF] Response data from fronius: [Code: 0] [Reason: ] [UserMessage: ]
2022-07-29 22:36:21.986 -03:00 [INF] Response data from fronius: [Code: 0] [Reason: ] [UserMessage: ]
2022-07-29 22:36:52.315 -03:00 [INF] Response data from fronius: [Code: 0] [Reason: ] [UserMessage: ]
2022-07-29 22:37:22.634 -03:00 [INF] Response data from fronius: [Code: 0] [Reason: ] [UserMessage: ]
2022-07-29 22:37:52.907 -03:00 [INF] Response data from fronius: [Code: 0] [Reason: ] [UserMessage: ]
2022-07-29 22:38:23.197 -03:00 [INF] Response data from fronius: [Code: 0] [Reason: ] [UserMessage: ]
2022-07-29 22:38:53.550 -03:00 [INF] Response data from fronius: [Code: 0] [Reason: ] [UserMessage: ]
2022-07-29 22:39:23.837 -03:00 [INF] Response data from fronius: [Code: 0] [Reason: ] [UserMessage: ]
2022-07-29 22:39:54.089 -03:00 [INF] Response data from fronius: [Code: 0] [Reason: ] [UserMessage: ]
2022-07-29 22:40:24.468 -03:00 [INF] Response data from fronius: [Code: 0] [Reason: ] [UserMessage: ]
2022-07-29 22:40:54.819 -03:00 [INF] Response data from fronius: [Code: 0] [Reason: ] [UserMessage: ]
2022-07-29 22:41:25.106 -03:00 [INF] Response data from fronius: [Code: 0] [Reason: ] [UserMessage: ]
2022-07-29 22:41:55.398 -03:00 [INF] Response data from fronius: [Code: 0] [Reason: ] [UserMessage: ]
2022-07-29 22:42:25.783 -03:00 [INF] Response data from fronius: [Code: 0] [Reason: ] [UserMessage: ]
2022-07-29 22:42:56.132 -03:00 [INF] Response data from fronius: [Code: 0] [Reason: ] [UserMessage: ]
2022-07-29 22:43:26.422 -03:00 [INF] Response data from fronius: [Code: 0] [Reason: ] [UserMessage: ]
2022-07-29 22:43:56.752 -03:00 [INF] Response data from fronius: [Code: 0] [Reason: ] [UserMessage: ]
2022-07-29 22:44:27.034 -03:00 [INF] Response data from fronius: [Code: 0] [Reason: ] [UserMessage: ]
2022-07-29 22:44:57.334 -03:00 [INF] Response data from fronius: [Code: 0] [Reason: ] [UserMessage: ]
2022-07-29 22:45:27.688 -03:00 [INF] Response data from fronius: [Code: 0] [Reason: ] [UserMessage: ]
2022-07-29 22:45:58.086 -03:00 [INF] Response data from fronius: [Code: 0] [Reason: ] [UserMessage: ]
2022-07-29 22:46:28.403 -03:00 [INF] Response data from fronius: [Code: 0] [Reason: ] [UserMessage: ]
2022-07-29 22:46:58.791 -03:00 [INF] Response data from fronius: [Code: 0] [Reason: ] [UserMessage: ]
2022-07-29 22:47:29.162 -03:00 [INF] Response data from fronius: [Code: 0] [Reason: ] [UserMessage: ]
2022-07-29 22:47:59.587 -03:00 [INF] Response data from fronius: [Code: 0] [Reason: ] [UserMessage: ]
2022-07-29 22:48:29.926 -03:00 [INF] Response data from fronius: [Code: 0] [Reason: ] [UserMessage: ]
2022-07-29 22:49:00.242 -03:00 [INF] Response data from fronius: [Code: 0] [Reason: ] [UserMessage: ]
2022-07-29 22:49:30.560 -03:00 [INF] Response data from fronius: [Code: 0] [Reason: ] [UserMessage: ]
2022-07-29 22:50:00.932 -03:00 [INF] Response data from fronius: [Code: 0] [Reason: ] [UserMessage: ]
2022-07-29 22:50:31.267 -03:00 [INF] Response data from fronius: [Code: 0] [Reason: ] [UserMessage: ]
2022-07-29 22:51:01.639 -03:00 [INF] Response data from fronius: [Code: 0] [Reason: ] [UserMessage: ]
2022-07-29 22:51:31.974 -03:00 [INF] Response data from fronius: [Code: 0] [Reason: ] [UserMessage: ]
2022-07-29 22:52:02.339 -03:00 [INF] Response data from fronius: [Code: 0] [Reason: ] [UserMessage: ]
2022-07-29 22:52:32.622 -03:00 [INF] Response data from fronius: [Code: 0] [Reason: ] [UserMessage: ]
2022-07-29 22:53:02.949 -03:00 [INF] Response data from fronius: [Code: 0] [Reason: ] [UserMessage: ]
2022-07-29 22:53:33.280 -03:00 [INF] Response data from fronius: [Code: 0] [Reason: ] [UserMessage: ]
2022-07-29 22:54:03.609 -03:00 [INF] Response data from fronius: [Code: 0] [Reason: ] [UserMessage: ]
2022-07-29 22:54:33.943 -03:00 [INF] Response data from fronius: [Code: 0] [Reason: ] [UserMessage: ]
2022-07-29 22:55:04.294 -03:00 [INF] Response data from fronius: [Code: 0] [Reason: ] [UserMessage: ]
2022-07-29 22:55:34.631 -03:00 [INF] Response data from fronius: [Code: 0] [Reason: ] [UserMessage: ]
2022-07-29 22:56:04.947 -03:00 [INF] Response data from fronius: [Code: 0] [Reason: ] [UserMessage: ]
2022-07-29 22:56:35.252 -03:00 [INF] Response data from fronius: [Code: 0] [Reason: ] [UserMessage: ]
2022-07-29 22:57:05.574 -03:00 [INF] Response data from fronius: [Code: 0] [Reason: ] [UserMessage: ]
2022-07-29 22:57:35.897 -03:00 [INF] Response data from fronius: [Code: 0] [Reason: ] [UserMessage: ]
2022-07-29 22:58:06.203 -03:00 [INF] Response data from fronius: [Code: 0] [Reason: ] [UserMessage: ]
2022-07-29 22:58:36.470 -03:00 [INF] Response data from fronius: [Code: 0] [Reason: ] [UserMessage: ]
2022-07-29 22:59:06.797 -03:00 [INF] Response data from fronius: [Code: 0] [Reason: ] [UserMessage: ]
2022-07-29 22:59:37.251 -03:00 [INF] Response data from fronius: [Code: 0] [Reason: ] [UserMessage: ]
2022-07-29 23:00:07.612 -03:00 [INF] Response data from fronius: [Code: 0] [Reason: ] [UserMessage: ]
2022-07-29 23:00:37.841 -03:00 [INF] Response data from fronius: [Code: 0] [Reason: ] [UserMessage: ]
2022-07-29 23:01:08.190 -03:00 [INF] Response data from fronius: [Code: 0] [Reason: ] [UserMessage: ]
2022-07-29 23:01:38.581 -03:00 [INF] Response data from fronius: [Code: 0] [Reason: ] [UserMessage: ]
2022-07-29 23:02:08.902 -03:00 [INF] Response data from fronius: [Code: 0] [Reason: ] [UserMessage: ]
2022-07-29 23:02:39.251 -03:00 [INF] Response data from fronius: [Code: 0] [Reason: ] [UserMessage: ]
2022-07-29 23:03:09.547 -03:00 [INF] Response data from fronius: [Code: 0] [Reason: ] [UserMessage: ]
2022-07-29 23:03:39.828 -03:00 [INF] Response data from fronius: [Code: 0] [Reason: ] [UserMessage: ]
2022-07-29 23:04:10.183 -03:00 [INF] Response data from fronius: [Code: 0] [Reason: ] [UserMessage: ]
2022-07-29 23:04:40.504 -03:00 [INF] Response data from fronius: [Code: 0] [Reason: ] [UserMessage: ]
2022-07-29 23:05:10.854 -03:00 [INF] Response data from fronius: [Code: 0] [Reason: ] [UserMessage: ]
2022-07-29 23:05:41.187 -03:00 [INF] Response data from fronius: [Code: 0] [Reason: ] [UserMessage: ]
2022-07-29 23:06:11.538 -03:00 [INF] Response data from fronius: [Code: 0] [Reason: ] [UserMessage: ]
2022-07-29 23:06:41.873 -03:00 [INF] Response data from fronius: [Code: 0] [Reason: ] [UserMessage: ]
2022-07-29 23:07:12.211 -03:00 [INF] Response data from fronius: [Code: 0] [Reason: ] [UserMessage: ]
2022-07-29 23:07:42.584 -03:00 [INF] Response data from fronius: [Code: 0] [Reason: ] [UserMessage: ]
2022-07-29 23:08:12.880 -03:00 [INF] Response data from fronius: [Code: 0] [Reason: ] [UserMessage: ]
2022-07-29 23:08:43.227 -03:00 [INF] Response data from fronius: [Code: 0] [Reason: ] [UserMessage: ]
2022-07-29 23:09:13.537 -03:00 [INF] Response data from fronius: [Code: 0] [Reason: ] [UserMessage: ]
2022-07-29 23:09:43.847 -03:00 [INF] Response data from fronius: [Code: 0] [Reason: ] [UserMessage: ]
2022-07-29 23:10:14.162 -03:00 [INF] Response data from fronius: [Code: 0] [Reason: ] [UserMessage: ]
2022-07-29 23:10:44.448 -03:00 [INF] Response data from fronius: [Code: 0] [Reason: ] [UserMessage: ]
2022-07-29 23:11:14.762 -03:00 [INF] Response data from fronius: [Code: 0] [Reason: ] [UserMessage: ]
2022-07-29 23:11:45.110 -03:00 [INF] Response data from fronius: [Code: 0] [Reason: ] [UserMessage: ]
2022-07-29 23:12:15.369 -03:00 [INF] Response data from fronius: [Code: 0] [Reason: ] [UserMessage: ]
2022-07-29 23:12:45.693 -03:00 [INF] Response data from fronius: [Code: 0] [Reason: ] [UserMessage: ]
2022-07-29 23:13:16.035 -03:00 [INF] Response data from fronius: [Code: 0] [Reason: ] [UserMessage: ]
2022-07-29 23:13:46.317 -03:00 [INF] Response data from fronius: [Code: 0] [Reason: ] [UserMessage: ]
2022-07-29 23:14:17.382 -03:00 [INF] Response data from fronius: [Code: 0] [Reason: ] [UserMessage: ]
2022-07-29 23:14:47.884 -03:00 [INF] Response data from fronius: [Code: 0] [Reason: ] [UserMessage: ]
2022-07-29 23:15:18.369 -03:00 [INF] Response data from fronius: [Code: 0] [Reason: ] [UserMessage: ]
2022-07-29 23:15:48.920 -03:00 [INF] Response data from fronius: [Code: 0] [Reason: ] [UserMessage: ]
2022-07-29 23:16:19.266 -03:00 [INF] Response data from fronius: [Code: 0] [Reason: ] [UserMessage: ]
2022-07-29 23:16:49.557 -03:00 [INF] Response data from fronius: [Code: 0] [Reason: ] [UserMessage: ]
2022-07-29 23:17:19.941 -03:00 [INF] Response data from fronius: [Code: 0] [Reason: ] [UserMessage: ]
2022-07-29 23:17:50.311 -03:00 [INF] Response data from fronius: [Code: 0] [Reason: ] [UserMessage: ]
2022-07-29 23:18:20.723 -03:00 [INF] Response data from fronius: [Code: 0] [Reason: ] [UserMessage: ]
2022-07-29 23:18:51.172 -03:00 [INF] Response data from fronius: [Code: 0] [Reason: ] [UserMessage: ]
2022-07-29 23:19:21.461 -03:00 [INF] Response data from fronius: [Code: 0] [Reason: ] [UserMessage: ]
2022-07-29 23:19:51.799 -03:00 [INF] Response data from fronius: [Code: 0] [Reason: ] [UserMessage: ]
2022-07-29 23:20:22.160 -03:00 [INF] Response data from fronius: [Code: 0] [Reason: ] [UserMessage: ]
2022-07-29 23:20:52.491 -03:00 [INF] Response data from fronius: [Code: 0] [Reason: ] [UserMessage: ]
2022-07-29 23:21:22.857 -03:00 [INF] Response data from fronius: [Code: 0] [Reason: ] [UserMessage: ]
2022-07-29 23:21:53.229 -03:00 [INF] Response data from fronius: [Code: 0] [Reason: ] [UserMessage: ]
2022-07-29 23:22:23.520 -03:00 [INF] Response data from fronius: [Code: 0] [Reason: ] [UserMessage: ]
2022-07-29 23:22:54.041 -03:00 [INF] Response data from fronius: [Code: 0] [Reason: ] [UserMessage: ]
2022-07-29 23:23:24.311 -03:00 [INF] Response data from fronius: [Code: 0] [Reason: ] [UserMessage: ]
2022-07-29 23:23:54.664 -03:00 [INF] Response data from fronius: [Code: 0] [Reason: ] [UserMessage: ]
2022-07-29 23:24:25.099 -03:00 [INF] Response data from fronius: [Code: 0] [Reason: ] [UserMessage: ]
2022-07-29 23:24:55.451 -03:00 [INF] Response data from fronius: [Code: 0] [Reason: ] [UserMessage: ]
2022-07-29 23:25:26.127 -03:00 [INF] Response data from fronius: [Code: 0] [Reason: ] [UserMessage: ]
2022-07-29 23:25:56.653 -03:00 [INF] Response data from fronius: [Code: 0] [Reason: ] [UserMessage: ]
2022-07-29 23:26:27.278 -03:00 [INF] Response data from fronius: [Code: 0] [Reason: ] [UserMessage: ]
2022-07-29 23:26:57.569 -03:00 [INF] Response data from fronius: [Code: 0] [Reason: ] [UserMessage: ]
2022-07-29 23:27:27.848 -03:00 [INF] Response data from fronius: [Code: 0] [Reason: ] [UserMessage: ]
2022-07-29 23:27:59.385 -03:00 [INF] Response data from fronius: [Code: 0] [Reason: ] [UserMessage: ]
2022-07-29 23:28:29.714 -03:00 [INF] Response data from fronius: [Code: 0] [Reason: ] [UserMessage: ]
2022-07-29 23:29:00.040 -03:00 [INF] Response data from fronius: [Code: 0] [Reason: ] [UserMessage: ]
2022-07-29 23:29:30.375 -03:00 [INF] Response data from fronius: [Code: 0] [Reason: ] [UserMessage: ]
2022-07-29 23:30:00.637 -03:00 [INF] Response data from fronius: [Code: 0] [Reason: ] [UserMessage: ]
2022-07-29 23:30:30.945 -03:00 [INF] Response data from fronius: [Code: 0] [Reason: ] [UserMessage: ]
2022-07-29 23:31:01.276 -03:00 [INF] Response data from fronius: [Code: 0] [Reason: ] [UserMessage: ]
2022-07-29 23:31:31.633 -03:00 [INF] Response data from fronius: [Code: 0] [Reason: ] [UserMessage: ]
2022-07-29 23:32:02.091 -03:00 [INF] Response data from fronius: [Code: 0] [Reason: ] [UserMessage: ]
2022-07-29 23:32:32.521 -03:00 [INF] Response data from fronius: [Code: 0] [Reason: ] [UserMessage: ]
2022-07-29 23:33:02.826 -03:00 [INF] Response data from fronius: [Code: 0] [Reason: ] [UserMessage: ]
2022-07-29 23:33:33.135 -03:00 [INF] Response data from fronius: [Code: 0] [Reason: ] [UserMessage: ]
2022-07-29 23:34:03.440 -03:00 [INF] Response data from fronius: [Code: 0] [Reason: ] [UserMessage: ]
2022-07-29 23:34:33.761 -03:00 [INF] Response data from fronius: [Code: 0] [Reason: ] [UserMessage: ]
2022-07-29 23:35:04.210 -03:00 [INF] Response data from fronius: [Code: 0] [Reason: ] [UserMessage: ]
2022-07-29 23:35:34.509 -03:00 [INF] Response data from fronius: [Code: 0] [Reason: ] [UserMessage: ]
2022-07-29 23:36:05.116 -03:00 [INF] Response data from fronius: [Code: 0] [Reason: ] [UserMessage: ]
2022-07-29 23:36:35.709 -03:00 [INF] Response data from fronius: [Code: 0] [Reason: ] [UserMessage: ]
2022-07-29 23:37:06.037 -03:00 [INF] Response data from fronius: [Code: 0] [Reason: ] [UserMessage: ]
2022-07-29 23:37:36.477 -03:00 [INF] Response data from fronius: [Code: 0] [Reason: ] [UserMessage: ]
2022-07-29 23:38:06.846 -03:00 [INF] Response data from fronius: [Code: 0] [Reason: ] [UserMessage: ]
2022-07-29 23:38:37.238 -03:00 [INF] Response data from fronius: [Code: 0] [Reason: ] [UserMessage: ]
2022-07-29 23:39:07.634 -03:00 [INF] Response data from fronius: [Code: 0] [Reason: ] [UserMessage: ]
2022-07-29 23:39:38.003 -03:00 [INF] Response data from fronius: [Code: 0] [Reason: ] [UserMessage: ]
2022-07-29 23:40:08.560 -03:00 [INF] Response data from fronius: [Code: 0] [Reason: ] [UserMessage: ]
2022-07-29 23:40:38.942 -03:00 [INF] Response data from fronius: [Code: 0] [Reason: ] [UserMessage: ]
2022-07-29 23:41:09.552 -03:00 [INF] Response data from fronius: [Code: 0] [Reason: ] [UserMessage: ]
2022-07-29 23:41:39.894 -03:00 [INF] Response data from fronius: [Code: 0] [Reason: ] [UserMessage: ]
2022-07-29 23:42:10.275 -03:00 [INF] Response data from fronius: [Code: 0] [Reason: ] [UserMessage: ]
2022-07-29 23:42:40.607 -03:00 [INF] Response data from fronius: [Code: 0] [Reason: ] [UserMessage: ]
2022-07-29 23:43:11.035 -03:00 [INF] Response data from fronius: [Code: 0] [Reason: ] [UserMessage: ]
2022-07-29 23:43:41.536 -03:00 [INF] Response data from fronius: [Code: 0] [Reason: ] [UserMessage: ]
2022-07-29 23:44:12.022 -03:00 [INF] Response data from fronius: [Code: 0] [Reason: ] [UserMessage: ]
2022-07-29 23:44:42.359 -03:00 [INF] Response data from fronius: [Code: 0] [Reason: ] [UserMessage: ]
2022-07-29 23:45:12.671 -03:00 [INF] Response data from fronius: [Code: 0] [Reason: ] [UserMessage: ]
2022-07-29 23:45:43.056 -03:00 [INF] Response data from fronius: [Code: 0] [Reason: ] [UserMessage: ]
2022-07-29 23:46:13.395 -03:00 [INF] Response data from fronius: [Code: 0] [Reason: ] [UserMessage: ]
2022-07-29 23:46:43.725 -03:00 [INF] Response data from fronius: [Code: 0] [Reason: ] [UserMessage: ]
2022-07-29 23:47:14.132 -03:00 [INF] Response data from fronius: [Code: 0] [Reason: ] [UserMessage: ]
2022-07-29 23:47:44.449 -03:00 [INF] Response data from fronius: [Code: 0] [Reason: ] [UserMessage: ]
2022-07-29 23:48:14.824 -03:00 [INF] Response data from fronius: [Code: 0] [Reason: ] [UserMessage: ]
2022-07-29 23:48:45.188 -03:00 [INF] Response data from fronius: [Code: 0] [Reason: ] [UserMessage: ]
2022-07-29 23:49:15.498 -03:00 [INF] Response data from fronius: [Code: 0] [Reason: ] [UserMessage: ]
2022-07-29 23:49:45.797 -03:00 [INF] Response data from fronius: [Code: 0] [Reason: ] [UserMessage: ]
2022-07-29 23:50:16.209 -03:00 [INF] Response data from fronius: [Code: 0] [Reason: ] [UserMessage: ]
2022-07-29 23:50:46.553 -03:00 [INF] Response data from fronius: [Code: 0] [Reason: ] [UserMessage: ]
2022-07-29 23:51:16.893 -03:00 [INF] Response data from fronius: [Code: 0] [Reason: ] [UserMessage: ]
2022-07-29 23:51:47.179 -03:00 [INF] Response data from fronius: [Code: 0] [Reason: ] [UserMessage: ]
2022-07-29 23:52:17.527 -03:00 [INF] Response data from fronius: [Code: 0] [Reason: ] [UserMessage: ]
2022-07-29 23:52:47.951 -03:00 [INF] Response data from fronius: [Code: 0] [Reason: ] [UserMessage: ]
2022-07-29 23:53:18.736 -03:00 [INF] Response data from fronius: [Code: 0] [Reason: ] [UserMessage: ]
2022-07-29 23:53:49.204 -03:00 [INF] Response data from fronius: [Code: 0] [Reason: ] [UserMessage: ]
2022-07-29 23:54:19.729 -03:00 [INF] Response data from fronius: [Code: 0] [Reason: ] [UserMessage: ]
2022-07-29 23:54:50.036 -03:00 [INF] Response data from fronius: [Code: 0] [Reason: ] [UserMessage: ]
2022-07-29 23:55:20.384 -03:00 [INF] Response data from fronius: [Code: 0] [Reason: ] [UserMessage: ]
2022-07-29 23:55:50.719 -03:00 [INF] Response data from fronius: [Code: 0] [Reason: ] [UserMessage: ]
2022-07-29 23:56:21.025 -03:00 [INF] Response data from fronius: [Code: 0] [Reason: ] [UserMessage: ]
2022-07-29 23:56:51.395 -03:00 [INF] Response data from fronius: [Code: 0] [Reason: ] [UserMessage: ]
2022-07-29 23:57:21.794 -03:00 [INF] Response data from fronius: [Code: 0] [Reason: ] [UserMessage: ]
2022-07-29 23:57:52.106 -03:00 [INF] Response data from fronius: [Code: 0] [Reason: ] [UserMessage: ]
2022-07-29 23:58:22.505 -03:00 [INF] Response data from fronius: [Code: 0] [Reason: ] [UserMessage: ]
2022-07-29 23:58:52.840 -03:00 [INF] Response data from fronius: [Code: 0] [Reason: ] [UserMessage: ]
2022-07-29 23:59:23.213 -03:00 [INF] Response data from fronius: [Code: 0] [Reason: ] [UserMessage: ]
2022-07-29 23:59:53.577 -03:00 [INF] Response data from fronius: [Code: 0] [Reason: ] [UserMessage: ]
